<?xml version="1.0" encoding="UTF-8"?>
<testng-results skipped="0" failed="0" total="1" passed="1">
  <reporter-output>
  </reporter-output>
  <suite name="Default suite" duration-ms="104177" started-at="2020-05-25T07:33:28Z" finished-at="2020-05-25T07:35:12Z">
    <groups>
    </groups>
    <test name="Default test" duration-ms="104177" started-at="2020-05-25T07:33:28Z" finished-at="2020-05-25T07:35:12Z">
      <class name="testcase.TC007">
        <test-method status="PASS" signature="beforeSuite()[pri:0, instance:testcase.TC007@1f2a3a5]" name="beforeSuite" is-config="true" duration-ms="1808" started-at="2020-05-25T13:03:26Z" finished-at="2020-05-25T13:03:28Z">
          <reporter-output>
          </reporter-output>
        </test-method> <!-- beforeSuite -->
        <test-method status="PASS" signature="beforeTest()[pri:0, instance:testcase.TC007@1f2a3a5]" name="beforeTest" is-config="true" duration-ms="1" started-at="2020-05-25T13:03:28Z" finished-at="2020-05-25T13:03:28Z">
          <reporter-output>
          </reporter-output>
        </test-method> <!-- beforeTest -->
        <test-method status="PASS" signature="beforeClass()[pri:0, instance:testcase.TC007@1f2a3a5]" name="beforeClass" is-config="true" duration-ms="0" started-at="2020-05-25T13:03:28Z" finished-at="2020-05-25T13:03:28Z">
          <reporter-output>
          </reporter-output>
        </test-method> <!-- beforeClass -->
        <test-method status="PASS" signature="beforeMethod()[pri:0, instance:testcase.TC007@1f2a3a5]" name="beforeMethod" is-config="true" duration-ms="22026" started-at="2020-05-25T13:03:28Z" finished-at="2020-05-25T13:03:50Z">
          <reporter-output>
          </reporter-output>
        </test-method> <!-- beforeMethod -->
        <test-method status="PASS" signature="hillRailways()[pri:0, instance:testcase.TC007@1f2a3a5]" name="hillRailways" duration-ms="80904" started-at="2020-05-25T13:03:50Z" finished-at="2020-05-25T13:05:11Z">
          <reporter-output>
          </reporter-output>
        </test-method> <!-- hillRailways -->
        <test-method status="PASS" signature="AfterMethod()[pri:0, instance:testcase.TC007@1f2a3a5]" name="AfterMethod" is-config="true" duration-ms="1214" started-at="2020-05-25T13:05:11Z" finished-at="2020-05-25T13:05:12Z">
          <reporter-output>
          </reporter-output>
        </test-method> <!-- AfterMethod -->
        <test-method status="PASS" signature="afterClass()[pri:0, instance:testcase.TC007@1f2a3a5]" name="afterClass" is-config="true" duration-ms="0" started-at="2020-05-25T13:05:12Z" finished-at="2020-05-25T13:05:12Z">
          <reporter-output>
          </reporter-output>
        </test-method> <!-- afterClass -->
        <test-method status="PASS" signature="afterTest()[pri:0, instance:testcase.TC007@1f2a3a5]" name="afterTest" is-config="true" duration-ms="0" started-at="2020-05-25T13:05:12Z" finished-at="2020-05-25T13:05:12Z">
          <reporter-output>
          </reporter-output>
        </test-method> <!-- afterTest -->
        <test-method status="PASS" signature="afterSuite()[pri:0, instance:testcase.TC007@1f2a3a5]" name="afterSuite" is-config="true" duration-ms="899" started-at="2020-05-25T13:05:12Z" finished-at="2020-05-25T13:05:13Z">
          <reporter-output>
          </reporter-output>
        </test-method> <!-- afterSuite -->
      </class> <!-- testcase.TC007 -->
    </test> <!-- Default test -->
  </suite> <!-- Default suite -->
</testng-results>
